0 info it worked if it ends with ok
1 verbose cli [ '/Users/james/.nvm/versions/node/v6.6.0/bin/node',
1 verbose cli   '/Users/james/.nvm/versions/node/v6.6.0/bin/npm',
1 verbose cli   'publish' ]
2 info using npm@3.10.3
3 info using node@v6.6.0
4 verbose publish [ '.' ]
5 silly cache add args [ '.', null ]
6 verbose cache add spec .
7 silly cache add parsed spec Result {
7 silly cache add   raw: '.',
7 silly cache add   scope: null,
7 silly cache add   escapedName: null,
7 silly cache add   name: null,
7 silly cache add   rawSpec: '.',
7 silly cache add   spec: '/Users/james/code/experiment/dno',
7 silly cache add   type: 'directory' }
8 verbose addLocalDirectory /Users/james/.npm/strobj/0.0.1/package.tgz not in flight; packing
9 verbose correctMkdir /Users/james/.npm correctMkdir not in flight; initializing
10 info lifecycle strobj@0.0.1~prepublish: strobj@0.0.1
11 silly lifecycle strobj@0.0.1~prepublish: no script for prepublish, continuing
12 verbose tar pack [ '/Users/james/.npm/strobj/0.0.1/package.tgz',
12 verbose tar pack   '/Users/james/code/experiment/dno' ]
13 verbose tarball /Users/james/.npm/strobj/0.0.1/package.tgz
14 verbose folder /Users/james/code/experiment/dno
15 verbose addLocalTarball adding from inside cache /Users/james/.npm/strobj/0.0.1/package.tgz
16 verbose correctMkdir /Users/james/.npm correctMkdir not in flight; initializing
17 silly cache afterAdd strobj@0.0.1
18 verbose afterAdd /Users/james/.npm/strobj/0.0.1/package/package.json not in flight; writing
19 verbose correctMkdir /Users/james/.npm correctMkdir not in flight; initializing
20 verbose afterAdd /Users/james/.npm/strobj/0.0.1/package/package.json written
21 silly publish { name: 'strobj',
21 silly publish   version: '0.0.1',
21 silly publish   description: 'js desktop notifications (and little ramda experiment)',
21 silly publish   main: 'lib/index.js',
21 silly publish   npm: { esModules: true },
21 silly publish   files: [ 'src', 'lib', 'es' ],
21 silly publish   scripts:
21 silly publish    { build: 'nwb build',
21 silly publish      clean: 'nwb clean',
21 silly publish      start: 'nwb serve',
21 silly publish      test: 'nwb test',
21 silly publish      'test:watch': 'nwb test --server',
21 silly publish      flow: 'flow; test $? -eq 0 -o $? -eq 2' },
21 silly publish   devDependencies: { nwb: '0.12.x', ramda: '0.22.1' },
21 silly publish   author: { name: 'absolutemininum' },
21 silly publish   license: 'MIT',
21 silly publish   repository:
21 silly publish    { type: 'git',
21 silly publish      url: 'git+ssh://git@github.com/absoluteminimum/strobj.git' },
21 silly publish   gitHead: 'b2aac4e33d3b6e9a7713e4b32ae47595df68a176',
21 silly publish   bugs: { url: 'https://github.com/absoluteminimum/strobj/issues' },
21 silly publish   readme: 'ERROR: No README data found!',
21 silly publish   homepage: 'https://github.com/absoluteminimum/strobj#readme',
21 silly publish   _id: 'strobj@0.0.1',
21 silly publish   _shasum: '7ab401ee45375668152fdd7bebf91eba41d14dcf',
21 silly publish   _from: '.' }
22 verbose getPublishConfig undefined
23 silly mapToRegistry name strobj
24 silly mapToRegistry using default registry
25 silly mapToRegistry registry https://registry.npmjs.org/
26 silly mapToRegistry data Result {
26 silly mapToRegistry   raw: 'strobj',
26 silly mapToRegistry   scope: null,
26 silly mapToRegistry   escapedName: 'strobj',
26 silly mapToRegistry   name: 'strobj',
26 silly mapToRegistry   rawSpec: '',
26 silly mapToRegistry   spec: 'latest',
26 silly mapToRegistry   type: 'tag' }
27 silly mapToRegistry uri https://registry.npmjs.org/strobj
28 verbose publish registryBase https://registry.npmjs.org/
29 silly publish uploading /Users/james/.npm/strobj/0.0.1/package.tgz
30 verbose request uri https://registry.npmjs.org/strobj
31 verbose request sending authorization for write operation
32 info attempt registry request try #1 at 11:48:49 PM
33 verbose request using bearer token for auth
34 verbose request id e997d6c52c9872ca
35 http request PUT https://registry.npmjs.org/strobj
36 http 403 https://registry.npmjs.org/strobj
37 verbose headers { 'content-type': 'application/json',
37 verbose headers   'cache-control': 'max-age=300',
37 verbose headers   'content-length': '95',
37 verbose headers   'accept-ranges': 'bytes',
37 verbose headers   date: 'Sun, 30 Oct 2016 06:48:49 GMT',
37 verbose headers   via: '1.1 varnish',
37 verbose headers   connection: 'keep-alive',
37 verbose headers   'x-served-by': 'cache-sea1921-SEA',
37 verbose headers   'x-cache': 'MISS',
37 verbose headers   'x-cache-hits': '0',
37 verbose headers   'x-timer': 'S1477810129.273823,VS0,VE117',
37 verbose headers   vary: 'Accept-Encoding' }
38 verbose request invalidating /Users/james/.npm/registry.npmjs.org/strobj on PUT
39 error publish Failed PUT 403
40 verbose stack Error: "You cannot publish over the previously published version 0.0.1." : strobj
40 verbose stack     at makeError (/Users/james/.nvm/versions/node/v6.6.0/lib/node_modules/npm/node_modules/npm-registry-client/lib/request.js:264:12)
40 verbose stack     at CachingRegistryClient.<anonymous> (/Users/james/.nvm/versions/node/v6.6.0/lib/node_modules/npm/node_modules/npm-registry-client/lib/request.js:252:14)
40 verbose stack     at Request._callback (/Users/james/.nvm/versions/node/v6.6.0/lib/node_modules/npm/node_modules/npm-registry-client/lib/request.js:172:14)
40 verbose stack     at Request.self.callback (/Users/james/.nvm/versions/node/v6.6.0/lib/node_modules/npm/node_modules/request/request.js:200:22)
40 verbose stack     at emitTwo (events.js:106:13)
40 verbose stack     at Request.emit (events.js:191:7)
40 verbose stack     at Request.<anonymous> (/Users/james/.nvm/versions/node/v6.6.0/lib/node_modules/npm/node_modules/request/request.js:1067:10)
40 verbose stack     at emitOne (events.js:101:20)
40 verbose stack     at Request.emit (events.js:188:7)
40 verbose stack     at IncomingMessage.<anonymous> (/Users/james/.nvm/versions/node/v6.6.0/lib/node_modules/npm/node_modules/request/request.js:988:12)
41 verbose statusCode 403
42 verbose pkgid strobj
43 verbose cwd /Users/james/code/experiment/dno
44 error Darwin 15.6.0
45 error argv "/Users/james/.nvm/versions/node/v6.6.0/bin/node" "/Users/james/.nvm/versions/node/v6.6.0/bin/npm" "publish"
46 error node v6.6.0
47 error npm  v3.10.3
48 error code E403
49 error "You cannot publish over the previously published version 0.0.1." : strobj
50 error If you need help, you may report this error at:
50 error     <https://github.com/npm/npm/issues>
51 verbose exit [ 1, true ]
